# JRE version: Java(TM) SE Runtime Environment 18.9 (11.0.11+9) (build 11.0.11+9-LTS-194)
# Java VM: Java HotSpot(TM) 64-Bit Server VM 18.9 (11.0.11+9-LTS-194, mixed mode, tiered, compressed oops, g1 gc, windows-amd64)
Heap:
 garbage-first heap   total 98304K, used 47059K [0x00000000e0000000, 0x0000000100000000)
  region size 1024K, 22 young (22528K), 6 survivors (6144K)
 Metaspace       used 39527K, capacity 41134K, committed 41344K, reserved 1085440K
  class space    used 4771K, capacity 5428K, committed 5504K, reserved 1048576K
GC Heap History (10 events):
Event: 4.032 GC heap before
{Heap before GC invocations=6 (full 0):
 garbage-first heap   total 98304K, used 66226K [0x00000000e0000000, 0x0000000100000000)
  region size 1024K, 57 young (58368K), 4 survivors (4096K)
 Metaspace       used 26906K, capacity 27678K, committed 27776K, reserved 1073152K
  class space    used 2882K, capacity 3191K, committed 3200K, reserved 1048576K
}
Event: 4.036 GC heap after
{Heap after GC invocations=7 (full 0):
 garbage-first heap   total 98304K, used 13144K [0x00000000e0000000, 0x0000000100000000)
  region size 1024K, 6 young (6144K), 6 survivors (6144K)
 Metaspace       used 26906K, capacity 27678K, committed 27776K, reserved 1073152K
  class space    used 2882K, capacity 3191K, committed 3200K, reserved 1048576K
}
Event: 4.334 GC heap before
{Heap before GC invocations=7 (full 0):
 garbage-first heap   total 98304K, used 65368K [0x00000000e0000000, 0x0000000100000000)
  region size 1024K, 57 young (58368K), 6 survivors (6144K)
 Metaspace       used 29122K, capacity 29988K, committed 30208K, reserved 1075200K
  class space    used 3176K, capacity 3539K, committed 3584K, reserved 1048576K
}
Event: 4.340 GC heap after
{Heap after GC invocations=8 (full 0):
 garbage-first heap   total 98304K, used 14131K [0x00000000e0000000, 0x0000000100000000)
  region size 1024K, 4 young (4096K), 4 survivors (4096K)
 Metaspace       used 29122K, capacity 29988K, committed 30208K, reserved 1075200K
  class space    used 3176K, capacity 3539K, committed 3584K, reserved 1048576K
}
Event: 4.701 GC heap before
{Heap before GC invocations=8 (full 0):
 garbage-first heap   total 98304K, used 68403K [0x00000000e0000000, 0x0000000100000000)
  region size 1024K, 57 young (58368K), 4 survivors (4096K)
 Metaspace       used 32032K, capacity 32974K, committed 33280K, reserved 1079296K
  class space    used 3612K, capacity 3993K, committed 4096K, reserved 1048576K
}
Event: 4.704 GC heap after
{Heap after GC invocations=9 (full 0):
 garbage-first heap   total 98304K, used 15052K [0x00000000e0000000, 0x0000000100000000)
  region size 1024K, 5 young (5120K), 5 survivors (5120K)
 Metaspace       used 32032K, capacity 32974K, committed 33280K, reserved 1079296K
  class space    used 3612K, capacity 3993K, committed 4096K, reserved 1048576K
}
Event: 5.076 GC heap before
{Heap before GC invocations=9 (full 0):
 garbage-first heap   total 98304K, used 54988K [0x00000000e0000000, 0x0000000100000000)
  region size 1024K, 46 young (47104K), 5 survivors (5120K)
 Metaspace       used 34729K, capacity 35830K, committed 35840K, reserved 1081344K
  class space    used 4032K, capacity 4480K, committed 4480K, reserved 1048576K
}
Event: 5.081 GC heap after
{Heap after GC invocations=10 (full 0):
 garbage-first heap   total 98304K, used 15523K [0x00000000e0000000, 0x0000000100000000)
  region size 1024K, 5 young (5120K), 5 survivors (5120K)
 Metaspace       used 34729K, capacity 35830K, committed 35840K, reserved 1081344K
  class space    used 4032K, capacity 4480K, committed 4480K, reserved 1048576K
}
Event: 5.659 GC heap before
{Heap before GC invocations=11 (full 0):
 garbage-first heap   total 98304K, used 68771K [0x00000000e0000000, 0x0000000100000000)
  region size 1024K, 57 young (58368K), 5 survivors (5120K)
 Metaspace       used 38646K, capacity 40176K, committed 40448K, reserved 1085440K
  class space    used 4691K, capacity 5342K, committed 5376K, reserved 1048576K
}
Event: 5.664 GC heap after
{Heap after GC invocations=12 (full 0):
 garbage-first heap   total 98304K, used 17363K [0x00000000e0000000, 0x0000000100000000)
  region size 1024K, 6 young (6144K), 6 survivors (6144K)
 Metaspace       used 38646K, capacity 40176K, committed 40448K, reserved 1085440K
  class space    used 4691K, capacity 5342K, committed 5376K, reserved 1048576K
}

