# JRE version: Java(TM) SE Runtime Environment 18.9 (11.0.11+9) (build 11.0.11+9-LTS-194)
# Java VM: Java HotSpot(TM) 64-Bit Server VM 18.9 (11.0.11+9-LTS-194, mixed mode, tiered, compressed oops, g1 gc, windows-amd64)
Heap:
 garbage-first heap   total 98304K, used 48704K [0x00000000e0000000, 0x0000000100000000)
  region size 1024K, 24 young (24576K), 6 survivors (6144K)
 Metaspace       used 39706K, capacity 41231K, committed 41344K, reserved 1085440K
  class space    used 4773K, capacity 5432K, committed 5504K, reserved 1048576K
GC Heap History (10 events):
Event: 4.799 GC heap before
{Heap before GC invocations=6 (full 0):
 garbage-first heap   total 98304K, used 65407K [0x00000000e0000000, 0x0000000100000000)
  region size 1024K, 57 young (58368K), 5 survivors (5120K)
 Metaspace       used 26758K, capacity 27486K, committed 27776K, reserved 1073152K
  class space    used 2797K, capacity 3099K, committed 3200K, reserved 1048576K
}
Event: 4.802 GC heap after
{Heap after GC invocations=7 (full 0):
 garbage-first heap   total 98304K, used 12605K [0x00000000e0000000, 0x0000000100000000)
  region size 1024K, 5 young (5120K), 5 survivors (5120K)
 Metaspace       used 26758K, capacity 27486K, committed 27776K, reserved 1073152K
  class space    used 2797K, capacity 3099K, committed 3200K, reserved 1048576K
}
Event: 5.166 GC heap before
{Heap before GC invocations=7 (full 0):
 garbage-first heap   total 98304K, used 65853K [0x00000000e0000000, 0x0000000100000000)
  region size 1024K, 57 young (58368K), 5 survivors (5120K)
 Metaspace       used 29162K, capacity 30052K, committed 30208K, reserved 1075200K
  class space    used 3158K, capacity 3511K, committed 3584K, reserved 1048576K
}
Event: 5.171 GC heap after
{Heap after GC invocations=8 (full 0):
 garbage-first heap   total 98304K, used 13286K [0x00000000e0000000, 0x0000000100000000)
  region size 1024K, 3 young (3072K), 3 survivors (3072K)
 Metaspace       used 29162K, capacity 30052K, committed 30208K, reserved 1075200K
  class space    used 3158K, capacity 3511K, committed 3584K, reserved 1048576K
}
Event: 5.538 GC heap before
{Heap before GC invocations=8 (full 0):
 garbage-first heap   total 98304K, used 68582K [0x00000000e0000000, 0x0000000100000000)
  region size 1024K, 57 young (58368K), 3 survivors (3072K)
 Metaspace       used 32059K, capacity 33000K, committed 33152K, reserved 1079296K
  class space    used 3585K, capacity 3952K, committed 3968K, reserved 1048576K
}
Event: 5.542 GC heap after
{Heap after GC invocations=9 (full 0):
 garbage-first heap   total 98304K, used 14763K [0x00000000e0000000, 0x0000000100000000)
  region size 1024K, 5 young (5120K), 5 survivors (5120K)
 Metaspace       used 32059K, capacity 33000K, committed 33152K, reserved 1079296K
  class space    used 3585K, capacity 3952K, committed 3968K, reserved 1048576K
}
Event: 5.881 GC heap before
{Heap before GC invocations=9 (full 0):
 garbage-first heap   total 98304K, used 56747K [0x00000000e0000000, 0x0000000100000000)
  region size 1024K, 47 young (48128K), 5 survivors (5120K)
 Metaspace       used 34713K, capacity 35770K, committed 35840K, reserved 1081344K
  class space    used 3980K, capacity 4410K, committed 4480K, reserved 1048576K
}
Event: 5.886 GC heap after
{Heap after GC invocations=10 (full 0):
 garbage-first heap   total 98304K, used 15161K [0x00000000e0000000, 0x0000000100000000)
  region size 1024K, 5 young (5120K), 5 survivors (5120K)
 Metaspace       used 34713K, capacity 35770K, committed 35840K, reserved 1081344K
  class space    used 3980K, capacity 4410K, committed 4480K, reserved 1048576K
}
Event: 6.470 GC heap before
{Heap before GC invocations=11 (full 0):
 garbage-first heap   total 98304K, used 68409K [0x00000000e0000000, 0x0000000100000000)
  region size 1024K, 57 young (58368K), 5 survivors (5120K)
 Metaspace       used 38726K, capacity 40241K, committed 40448K, reserved 1085440K
  class space    used 4685K, capacity 5314K, committed 5376K, reserved 1048576K
}
Event: 6.475 GC heap after
{Heap after GC invocations=12 (full 0):
 garbage-first heap   total 98304K, used 16960K [0x00000000e0000000, 0x0000000100000000)
  region size 1024K, 6 young (6144K), 6 survivors (6144K)
 Metaspace       used 38726K, capacity 40241K, committed 40448K, reserved 1085440K
  class space    used 4685K, capacity 5314K, committed 5376K, reserved 1048576K
}

